This is pdfTeX, Version 3.141592653-2.6-1.40.28 (MiKTeX 25.12) (preloaded format=pdflatex 2026.1.9)  9 FEB 2026 13:31
entering extended mode
 restricted \write18 enabled.
 file:line:error style messages enabled.
 %&-line parsing enabled.
**c:/Users/Liu/Desktop/Bachelor-s-Thesis/thesis/thesis.tex
(c:/Users/Liu/Desktop/Bachelor-s-Thesis/thesis/thesis.tex
LaTeX2e <2025-11-01>
L3 programming layer <2025-12-24>
(C:\Users\Liu\AppData\Local\Programs\MiKTeX\tex/latex/base\article.cls
Document Class: article 2025/01/22 v1.4n Standard LaTeX document class
(C:\Users\Liu\AppData\Local\Programs\MiKTeX\tex/latex/base\size12.clo
File: size12.clo 2025/01/22 v1.4n Standard LaTeX file (size option)
)
\c@part=\count275
\c@section=\count276
\c@subsection=\count277
\c@subsubsection=\count278
\c@paragraph=\count279
\c@subparagraph=\count280
\c@figure=\count281
\c@table=\count282
\abovecaptionskip=\skip49
\belowcaptionskip=\skip50
\bibindent=\dimen148
) (C:\Users\Liu\AppData\Local\Programs\MiKTeX\tex/generic/babel\babel.sty
Package: babel 2025/12/11 v25.17 The multilingual framework for LuaLaTeX, pdfLaTeX and XeLaTeX
\babel@savecnt=\count283
LaTeX Encoding Info:    Redeclaring text command \ij (encoding OT1) on input line 2068.
LaTeX Encoding Info:    Redeclaring text command \IJ (encoding OT1) on input line 2070.
LaTeX Encoding Info:    Redeclaring text command \ij (encoding T1) on input line 2072.
LaTeX Encoding Info:    Redeclaring text command \IJ (encoding T1) on input line 2073.
LaTeX Encoding Info:    Ignoring declaration for text command \ij (encoding ?) on input line 2074.
LaTeX Encoding Info:    Ignoring declaration for text command \IJ (encoding ?) on input line 2076.
LaTeX Encoding Info:    Ignoring declaration for text command \SS (encoding ?) on input line 2101.
\U@D=\dimen149
\l@unhyphenated=\language79
 (C:\Users\Liu\AppData\Local\Programs\MiKTeX\tex/generic/babel\txtbabel.def)
\bbl@readstream=\read2
\bbl@dirlevel=\count284
Package babel Info: Configuration files are deprecated, as
(babel)             they can break document portability.
(babel)             Reported on input line 4196.

*************************************
* Local config file bblopts.cfg used
*
(C:\Users\Liu\AppData\Local\Programs\MiKTeX\tex/latex/arabi\bblopts.cfg
File: bblopts.cfg 2005/09/08 v0.1 add Arabic and Farsi to "declared" options of babel
) (C:\Users\Liu\AppData\Local\Programs\MiKTeX\tex/generic/babel/locale/en\babel-english.tex)
Package babel Info: Importing font and identification data for english
(babel)             from babel-en.ini. Reported on input line 4320.
 (C:\Users\Liu\AppData\Local\Programs\MiKTeX\tex/latex/babel-english\english.ldf
Language: english 2017/06/06 v3.3r English support from the babel system
Package babel Info: Hyphen rules for 'canadian' set to \l@english
(babel)             (\language0). Reported on input line 102.
Package babel Info: Hyphen rules for 'australian' set to \l@ukenglish
(babel)             (\language73). Reported on input line 105.
Package babel Info: Hyphen rules for 'newzealand' set to \l@ukenglish
(babel)             (\language73). Reported on input line 108.
)) (C:\Users\Liu\AppData\Local\Programs\MiKTeX\tex/latex/base\inputenc.sty
Package: inputenc 2024/02/08 v1.3d Input encoding file
\inpenc@prehook=\toks17
\inpenc@posthook=\toks18
) (C:\Users\Liu\AppData\Local\Programs\MiKTeX\tex/latex/base\fontenc.sty
Package: fontenc 2025/07/18 v2.1d Standard LaTeX package
) (C:\Users\Liu\AppData\Local\Programs\MiKTeX\tex/latex/xurl\xurl.sty
Package: xurl 2022/01/09 v 0.10 modify URL breaks
 (C:\Users\Liu\AppData\Local\Programs\MiKTeX\tex/latex/url\url.sty
\Urlmuskip=\muskip17
Package: url 2013/09/16  ver 3.4  Verb mode for urls, etc.
)) (C:\Users\Liu\AppData\Local\Programs\MiKTeX\tex/latex/graphics\graphicx.sty
Package: graphicx 2024/12/31 v1.2e Enhanced LaTeX Graphics (DPC,SPQR)
 (C:\Users\Liu\AppData\Local\Programs\MiKTeX\tex/latex/graphics\keyval.sty
Package: keyval 2022/05/29 v1.15 key=value parser (DPC)
\KV@toks@=\toks19
) (C:\Users\Liu\AppData\Local\Programs\MiKTeX\tex/latex/graphics\graphics.sty
Package: graphics 2024/08/06 v1.4g Standard LaTeX Graphics (DPC,SPQR)
 (C:\Users\Liu\AppData\Local\Programs\MiKTeX\tex/latex/graphics\trig.sty
Package: trig 2023/12/02 v1.11 sin cos tan (DPC)
) (C:\Users\Liu\AppData\Local\Programs\MiKTeX\tex/latex/graphics-cfg\graphics.cfg
File: graphics.cfg 2016/06/04 v1.11 sample graphics configuration
)
Package graphics Info: Driver file: pdftex.def on input line 106.
 (C:\Users\Liu\AppData\Local\Programs\MiKTeX\tex/latex/graphics-def\pdftex.def
File: pdftex.def 2025/09/29 v1.2d Graphics/color driver for pdftex
))
\Gin@req@height=\dimen150
\Gin@req@width=\dimen151
) (C:\Users\Liu\AppData\Local\Programs\MiKTeX\tex/latex/amsmath\amsmath.sty
Package: amsmath 2025/07/09 v2.17z AMS math features
\@mathmargin=\skip51

For additional information on amsmath, use the `?' option.
(C:\Users\Liu\AppData\Local\Programs\MiKTeX\tex/latex/amsmath\amstext.sty
Package: amstext 2024/11/17 v2.01 AMS text
 (C:\Users\Liu\AppData\Local\Programs\MiKTeX\tex/latex/amsmath\amsgen.sty
File: amsgen.sty 1999/11/30 v2.0 generic functions
\@emptytoks=\toks20
\ex@=\dimen152
)) (C:\Users\Liu\AppData\Local\Programs\MiKTeX\tex/latex/amsmath\amsbsy.sty
Package: amsbsy 1999/11/29 v1.2d Bold Symbols
\pmbraise@=\dimen153
) (C:\Users\Liu\AppData\Local\Programs\MiKTeX\tex/latex/amsmath\amsopn.sty
Package: amsopn 2022/04/08 v2.04 operator names
)
\inf@bad=\count285
LaTeX Info: Redefining \frac on input line 233.
\uproot@=\count286
\leftroot@=\count287
LaTeX Info: Redefining \overline on input line 398.
LaTeX Info: Redefining \colon on input line 409.
\classnum@=\count288
\DOTSCASE@=\count289
LaTeX Info: Redefining \ldots on input line 495.
LaTeX Info: Redefining \dots on input line 498.
LaTeX Info: Redefining \cdots on input line 619.
\Mathstrutbox@=\box53
\strutbox@=\box54
LaTeX Info: Redefining \big on input line 721.
LaTeX Info: Redefining \Big on input line 722.
LaTeX Info: Redefining \bigg on input line 723.
LaTeX Info: Redefining \Bigg on input line 724.
\big@size=\dimen154
LaTeX Font Info:    Redeclaring font encoding OML on input line 742.
LaTeX Font Info:    Redeclaring font encoding OMS on input line 743.
\macc@depth=\count290
LaTeX Info: Redefining \bmod on input line 904.
LaTeX Info: Redefining \pmod on input line 909.
LaTeX Info: Redefining \smash on input line 939.
LaTeX Info: Redefining \relbar on input line 969.
LaTeX Info: Redefining \Relbar on input line 970.
\c@MaxMatrixCols=\count291
\dotsspace@=\muskip18
\c@parentequation=\count292
\dspbrk@lvl=\count293
\tag@help=\toks21
\row@=\count294
\column@=\count295
\maxfields@=\count296
\andhelp@=\toks22
\eqnshift@=\dimen155
\alignsep@=\dimen156
\tagshift@=\dimen157
\tagwidth@=\dimen158
\totwidth@=\dimen159
\lineht@=\dimen160
\@envbody=\toks23
\multlinegap=\skip52
\multlinetaggap=\skip53
\mathdisplay@stack=\toks24
LaTeX Info: Redefining \[ on input line 2950.
LaTeX Info: Redefining \] on input line 2951.
) (C:\Users\Liu\AppData\Local\Programs\MiKTeX\tex/latex/amsfonts\amssymb.sty
Package: amssymb 2013/01/14 v3.01 AMS font symbols
 (C:\Users\Liu\AppData\Local\Programs\MiKTeX\tex/latex/amsfonts\amsfonts.sty
Package: amsfonts 2013/01/14 v3.01 Basic AMSFonts support
\symAMSa=\mathgroup4
\symAMSb=\mathgroup5
LaTeX Font Info:    Redeclaring math symbol \hbar on input line 98.
LaTeX Font Info:    Overwriting math alphabet `\mathfrak' in version `bold'
(Font)                  U/euf/m/n --> U/euf/b/n on input line 106.
)) (C:\Users\Liu\AppData\Local\Programs\MiKTeX\tex/latex/hyperref\hyperref.sty
Package: hyperref 2025-07-12 v7.01o Hypertext links for LaTeX
 (C:\Users\Liu\AppData\Local\Programs\MiKTeX\tex/generic/iftex\iftex.sty
Package: iftex 2024/12/12 v1.0g TeX engine tests
) (C:\Users\Liu\AppData\Local\Programs\MiKTeX\tex/latex/kvsetkeys\kvsetkeys.sty
Package: kvsetkeys 2022-10-05 v1.19 Key value parser (HO)
) (C:\Users\Liu\AppData\Local\Programs\MiKTeX\tex/generic/kvdefinekeys\kvdefinekeys.sty
Package: kvdefinekeys 2019-12-19 v1.6 Define keys (HO)
) (C:\Users\Liu\AppData\Local\Programs\MiKTeX\tex/generic/pdfescape\pdfescape.sty
Package: pdfescape 2019/12/09 v1.15 Implements pdfTeX's escape features (HO)
 (C:\Users\Liu\AppData\Local\Programs\MiKTeX\tex/generic/ltxcmds\ltxcmds.sty
Package: ltxcmds 2023-12-04 v1.26 LaTeX kernel commands for general use (HO)
) (C:\Users\Liu\AppData\Local\Programs\MiKTeX\tex/generic/pdftexcmds\pdftexcmds.sty
Package: pdftexcmds 2020-06-27 v0.33 Utility functions of pdfTeX for LuaTeX (HO)
 (C:\Users\Liu\AppData\Local\Programs\MiKTeX\tex/generic/infwarerr\infwarerr.sty
Package: infwarerr 2019/12/03 v1.5 Providing info/warning/error messages (HO)
)
Package pdftexcmds Info: \pdf@primitive is available.
Package pdftexcmds Info: \pdf@ifprimitive is available.
Package pdftexcmds Info: \pdfdraftmode found.
)) (C:\Users\Liu\AppData\Local\Programs\MiKTeX\tex/latex/hycolor\hycolor.sty
Package: hycolor 2020-01-27 v1.10 Color options for hyperref/bookmark (HO)
) (C:\Users\Liu\AppData\Local\Programs\MiKTeX\tex/latex/hyperref\nameref.sty
Package: nameref 2025-06-21 v2.57 Cross-referencing by name of section
 (C:\Users\Liu\AppData\Local\Programs\MiKTeX\tex/latex/refcount\refcount.sty
Package: refcount 2019/12/15 v3.6 Data extraction from label references (HO)
) (C:\Users\Liu\AppData\Local\Programs\MiKTeX\tex/generic/gettitlestring\gettitlestring.sty
Package: gettitlestring 2019/12/15 v1.6 Cleanup title references (HO)
 (C:\Users\Liu\AppData\Local\Programs\MiKTeX\tex/latex/kvoptions\kvoptions.sty
Package: kvoptions 2022-06-15 v3.15 Key value format for package options (HO)
))
\c@section@level=\count297
) (C:\Users\Liu\AppData\Local\Programs\MiKTeX\tex/latex/etoolbox\etoolbox.sty
Package: etoolbox 2025/10/02 v2.5m e-TeX tools for LaTeX (JAW)
\etb@tempcnta=\count298
) (C:\Users\Liu\AppData\Local\Programs\MiKTeX\tex/generic/stringenc\stringenc.sty
Package: stringenc 2019/11/29 v1.12 Convert strings between diff. encodings (HO)
)
\@linkdim=\dimen161
\Hy@linkcounter=\count299
\Hy@pagecounter=\count300
 (C:\Users\Liu\AppData\Local\Programs\MiKTeX\tex/latex/hyperref\pd1enc.def
File: pd1enc.def 2025-07-12 v7.01o Hyperref: PDFDocEncoding definition (HO)
Now handling font encoding PD1 ...
... no UTF-8 mapping file for font encoding PD1
) (C:\Users\Liu\AppData\Local\Programs\MiKTeX\tex/generic/intcalc\intcalc.sty
Package: intcalc 2019/12/15 v1.3 Expandable calculations with integers (HO)
)
\Hy@SavedSpaceFactor=\count301
 (C:\Users\Liu\AppData\Local\Programs\MiKTeX\tex/latex/hyperref\puenc.def
File: puenc.def 2025-07-12 v7.01o Hyperref: PDF Unicode definition (HO)
Now handling font encoding PU ...
... no UTF-8 mapping file for font encoding PU
)
Package hyperref Info: Hyper figures OFF on input line 4195.
Package hyperref Info: Link nesting OFF on input line 4200.
Package hyperref Info: Hyper index ON on input line 4203.
Package hyperref Info: Plain pages OFF on input line 4210.
Package hyperref Info: Backreferencing OFF on input line 4215.
Package hyperref Info: Implicit mode ON; LaTeX internals redefined.
Package hyperref Info: Bookmarks ON on input line 4462.
\c@Hy@tempcnt=\count302
LaTeX Info: Redefining \url on input line 4801.
\XeTeXLinkMargin=\dimen162
 (C:\Users\Liu\AppData\Local\Programs\MiKTeX\tex/generic/bitset\bitset.sty
Package: bitset 2019/12/09 v1.3 Handle bit-vector datatype (HO)
 (C:\Users\Liu\AppData\Local\Programs\MiKTeX\tex/generic/bigintcalc\bigintcalc.sty
Package: bigintcalc 2019/12/15 v1.5 Expandable calculations on big integers (HO)
))
\Fld@menulength=\count303
\Field@Width=\dimen163
\Fld@charsize=\dimen164
Package hyperref Info: Hyper figures OFF on input line 6078.
Package hyperref Info: Link nesting OFF on input line 6083.
Package hyperref Info: Hyper index ON on input line 6086.
Package hyperref Info: backreferencing OFF on input line 6093.
Package hyperref Info: Link coloring OFF on input line 6098.
Package hyperref Info: Link coloring with OCG OFF on input line 6103.
Package hyperref Info: PDF/A mode OFF on input line 6108.
\Hy@abspage=\count304
\c@Item=\count305
\c@Hfootnote=\count306
)
Package hyperref Info: Driver (autodetected): hpdftex.
 (C:\Users\Liu\AppData\Local\Programs\MiKTeX\tex/latex/hyperref\hpdftex.def
File: hpdftex.def 2025-07-12 v7.01o Hyperref driver for pdfTeX
\Fld@listcount=\count307
\c@bookmark@seq@number=\count308
 (C:\Users\Liu\AppData\Local\Programs\MiKTeX\tex/latex/rerunfilecheck\rerunfilecheck.sty
Package: rerunfilecheck 2025-06-21 v1.11 Rerun checks for auxiliary files (HO)
 (C:\Users\Liu\AppData\Local\Programs\MiKTeX\tex/generic/uniquecounter\uniquecounter.sty
Package: uniquecounter 2019/12/15 v1.4 Provide unlimited unique counter (HO)
)
Package uniquecounter Info: New unique counter `rerunfilecheck' on input line 284.
)
\Hy@SectionHShift=\skip54
) (C:\Users\Liu\AppData\Local\Programs\MiKTeX\tex/latex/geometry\geometry.sty
Package: geometry 2020/01/02 v5.9 Page Geometry
 (C:\Users\Liu\AppData\Local\Programs\MiKTeX\tex/generic/iftex\ifvtex.sty
Package: ifvtex 2019/10/25 v1.7 ifvtex legacy package. Use iftex instead.
)
\Gm@cnth=\count309
\Gm@cntv=\count310
\c@Gm@tempcnt=\count311
\Gm@bindingoffset=\dimen165
\Gm@wd@mp=\dimen166
\Gm@odd@mp=\dimen167
\Gm@even@mp=\dimen168
\Gm@layoutwidth=\dimen169
\Gm@layoutheight=\dimen170
\Gm@layouthoffset=\dimen171
\Gm@layoutvoffset=\dimen172
\Gm@dimlist=\toks25
 (C:\Users\Liu\AppData\Local\Programs\MiKTeX\tex/latex/geometry\geometry.cfg)) (C:\Users\Liu\AppData\Local\Programs\MiKTeX\tex/latex/algorithms\algorithm.sty
Package: algorithm 2009/08/24 v0.1 Document Style `algorithm' - floating environment
 (C:\Users\Liu\AppData\Local\Programs\MiKTeX\tex/latex/float\float.sty
Package: float 2001/11/08 v1.3d Float enhancements (AL)
\c@float@type=\count312
\float@exts=\toks26
\float@box=\box55
\@float@everytoks=\toks27
\@floatcapt=\box56
) (C:\Users\Liu\AppData\Local\Programs\MiKTeX\tex/latex/base\ifthen.sty
Package: ifthen 2024/03/16 v1.1e Standard LaTeX ifthen package (DPC)
)
\@float@every@algorithm=\toks28
\c@algorithm=\count313
) (C:\Users\Liu\AppData\Local\Programs\MiKTeX\tex/latex/algorithmicx\algpseudocode.sty
Package: algpseudocode 
 (C:\Users\Liu\AppData\Local\Programs\MiKTeX\tex/latex/algorithmicx\algorithmicx.sty
Package: algorithmicx 2005/04/27 v1.2 Algorithmicx

Document Style algorithmicx 1.2 - a greatly improved `algorithmic' style
\c@ALG@line=\count314
\c@ALG@rem=\count315
\c@ALG@nested=\count316
\ALG@tlm=\skip55
\ALG@thistlm=\skip56
\c@ALG@Lnr=\count317
\c@ALG@blocknr=\count318
\c@ALG@storecount=\count319
\c@ALG@tmpcounter=\count320
\ALG@tmplength=\skip57
)
Document Style - pseudocode environments for use with the `algorithmicx' style
) (C:\Users\Liu\AppData\Local\Programs\MiKTeX\tex/latex/l3backend\l3backend-pdftex.def
File: l3backend-pdftex.def 2025-10-09 L3 backend support: PDF output (pdfTeX)
\l__color_backend_stack_int=\count321
) (thesis.aux)
\openout1 = `thesis.aux'.

LaTeX Font Info:    Checking defaults for OML/cmm/m/it on input line 16.
LaTeX Font Info:    ... okay on input line 16.
LaTeX Font Info:    Checking defaults for OMS/cmsy/m/n on input line 16.
LaTeX Font Info:    ... okay on input line 16.
LaTeX Font Info:    Checking defaults for OT1/cmr/m/n on input line 16.
LaTeX Font Info:    ... okay on input line 16.
LaTeX Font Info:    Checking defaults for T1/cmr/m/n on input line 16.
LaTeX Font Info:    ... okay on input line 16.
LaTeX Font Info:    Checking defaults for TS1/cmr/m/n on input line 16.
LaTeX Font Info:    ... okay on input line 16.
LaTeX Font Info:    Checking defaults for OMX/cmex/m/n on input line 16.
LaTeX Font Info:    ... okay on input line 16.
LaTeX Font Info:    Checking defaults for U/cmr/m/n on input line 16.
LaTeX Font Info:    ... okay on input line 16.
LaTeX Font Info:    Checking defaults for PD1/pdf/m/n on input line 16.
LaTeX Font Info:    ... okay on input line 16.
LaTeX Font Info:    Checking defaults for PU/pdf/m/n on input line 16.
LaTeX Font Info:    ... okay on input line 16.
 (C:\Users\Liu\AppData\Local\Programs\MiKTeX\tex/context/base/mkii\supp-pdf.mkii
[Loading MPS to PDF converter (version 2006.09.02).]
\scratchcounter=\count322
\scratchdimen=\dimen173
\scratchbox=\box57
\nofMPsegments=\count323
\nofMParguments=\count324
\everyMPshowfont=\toks29
\MPscratchCnt=\count325
\MPscratchDim=\dimen174
\MPnumerator=\count326
\makeMPintoPDFobject=\count327
\everyMPtoPDFconversion=\toks30
) (C:\Users\Liu\AppData\Local\Programs\MiKTeX\tex/latex/epstopdf-pkg\epstopdf-base.sty
Package: epstopdf-base 2020-01-24 v2.11 Base part for package epstopdf
Package epstopdf-base Info: Redefining graphics rule for `.eps' on input line 485.
 (C:\Users\Liu\AppData\Local\Programs\MiKTeX\tex/latex/00miktex\epstopdf-sys.cfg
File: epstopdf-sys.cfg 2021/03/18 v2.0 Configuration of epstopdf for MiKTeX
))
Package hyperref Info: Link coloring OFF on input line 16.
 (thesis.out) (thesis.out)
\@outlinefile=\write3
\openout3 = `thesis.out'.


*geometry* driver: auto-detecting
*geometry* detected driver: pdftex
*geometry* verbose mode - [ preamble ] result:
* driver: pdftex
* paper: a4paper
* layout: <same size as paper>
* layoutoffset:(h,v)=(0.0pt,0.0pt)
* modes: 
* h-part:(L,W,R)=(71.13188pt, 455.24411pt, 71.13188pt)
* v-part:(T,H,B)=(71.13188pt, 702.78308pt, 71.13188pt)
* \paperwidth=597.50787pt
* \paperheight=845.04684pt
* \textwidth=455.24411pt
* \textheight=702.78308pt
* \oddsidemargin=-1.1381pt
* \evensidemargin=-1.1381pt
* \topmargin=-38.1381pt
* \headheight=12.0pt
* \headsep=25.0pt
* \topskip=12.0pt
* \footskip=30.0pt
* \marginparwidth=35.0pt
* \marginparsep=10.0pt
* \columnsep=10.0pt
* \skip\footins=10.8pt plus 4.0pt minus 2.0pt
* \hoffset=0.0pt
* \voffset=0.0pt
* \mag=1000
* \@twocolumnfalse
* \@twosidefalse
* \@mparswitchfalse
* \@reversemarginfalse
* (1in=72.27pt=25.4mm, 1cm=28.453pt)

LaTeX Font Info:    Trying to load font information for U+msa on input line 47.
(C:\Users\Liu\AppData\Local\Programs\MiKTeX\tex/latex/amsfonts\umsa.fd
File: umsa.fd 2013/01/14 v3.01 AMS symbols A
)
LaTeX Font Info:    Trying to load font information for U+msb on input line 47.
 (C:\Users\Liu\AppData\Local\Programs\MiKTeX\tex/latex/amsfonts\umsb.fd
File: umsb.fd 2013/01/14 v3.01 AMS symbols B
)
Overfull \hbox (2.54874pt too wide) in paragraph at lines 48--48
[]\T1/cmr/m/n/12 Erstgutachter/Erstgutachterin:| 
 []


Overfull \hbox (15.80106pt too wide) in paragraph at lines 49--49
[]\T1/cmr/m/n/12 Zweitgutachter/Zweitgutachterin:| 
 []


Overfull \hbox (12.0pt too wide) in paragraph at lines 46--53
[] 
 []

[1

{C:/Users/Liu/AppData/Local/MiKTeX/fonts/map/pdftex/pdftex.map}]
Overfull \hbox (11.46445pt too wide) in paragraph at lines 60--61
\T1/cmr/m/n/10.95 OFDM au-dio demon-stra-tor in-tended for teach-ing and ex-per-i-men-tal anal-y-sis of physical-
 []


pdfTeX warning (ext4): destination with the same identifier (name{page.1}) has been already used, duplicate ignored
<to be read again> 
                   \relax 
l.69 \newpage
              [1] (thesis.toc [2]
Overfull \hbox (3.33705pt too wide) in paragraph at lines 51--51
 [][] [][]\T1/cmr/m/n/12 Per-subcarrier MMSE de-tec-tion and op-tional decision-directed phase 
 []

)
\tf@toc=\write4
\openout4 = `thesis.toc'.

 [3] (chapters/01-introduction.tex
Overfull \hbox (2.04967pt too wide) in paragraph at lines 5--6
[]\T1/cmr/m/n/12 In par-al-lel, \T1/cmr/m/it/12 Multiple-Input Multiple-Output \T1/cmr/m/n/12 (MIMO) tech-nol-ogy ex-ploits mul-ti-ple trans-
 []

[4]) (chapters/02-background.tex [5]
Overfull \hbox (11.70848pt too wide) in paragraph at lines 30--31
[]\T1/cmr/m/n/12 The fun-da-men-tal idea of mul-ti-car-rier trans-mis-sion is to de-com-pose a wide-band frequency-
 []

<figures/ch2/ofdm_tx_rx_blockdiagram.png, id=446, 2031.59pt x 1080.035pt>
File: figures/ch2/ofdm_tx_rx_blockdiagram.png Graphic file (type png)
<use figures/ch2/ofdm_tx_rx_blockdiagram.png>
Package pdftex.def Info: figures/ch2/ofdm_tx_rx_blockdiagram.png  used on input line 42.
(pdftex.def)             Requested size: 432.48051pt x 229.91228pt.
[6] [7
pdfTeX warning (ext4): destination with the same identifier (name{figure.1}) has been already used, duplicate ignored
<argument> ...shipout:D \box_use:N \l_shipout_box 
                                                  \__shipout_drop_firstpage_...
l.78 
      <./figures/ch2/ofdm_tx_rx_blockdiagram.png (PNG copy)>] [8] [9] [10] [11]
Overfull \hbox (1.39369pt too wide) in paragraph at lines 217--219
\T1/cmr/m/n/12 reliable re-cov-ery of the trans-mit-ted sym-bol vec-tor $\OT1/cmr/bx/n/12 x\OT1/cmr/m/n/12 [\OML/cmm/m/it/12 k\OT1/cmr/m/n/12 ]$ \T1/cmr/m/n/12 re-quires knowl-edge of the frequency-
 []

[12]) (chapters/03-methodik.tex [13] [14] [15]
Underfull \hbox (badness 10000) in paragraph at lines 52--53
[]\T1/cmr/m/n/12 Integrated multi-channel
 []


Underfull \hbox (badness 10000) in paragraph at lines 53--54
[]\T1/cmr/m/n/12 Hardware-level com-mon
 []


Underfull \hbox (badness 10000) in paragraph at lines 54--55
[]\T1/cmr/m/n/12 High-quality audio-grade
 []


Underfull \hbox (badness 10000) in paragraph at lines 55--56
[]\T1/cmr/m/n/12 Genelec 8010 near-field
 []


Underfull \hbox (badness 4084) in paragraph at lines 56--57
[]\T1/cmr/m/n/12 t.bone SC140 con-denser
 []


Underfull \hbox (badness 2486) in paragraph at lines 58--59
[]\T1/cmr/m/n/12 Fully pa-ram-e-ter-ized and
 []

[16
pdfTeX warning (ext4): destination with the same identifier (name{table.1}) has been already used, duplicate ignored
<argument> ...shipout:D \box_use:N \l_shipout_box 
                                                  \__shipout_drop_firstpage_...
l.88 
     ] [17
pdfTeX warning (ext4): destination with the same identifier (name{table.2}) has been already used, duplicate ignored
<argument> ...shipout:D \box_use:N \l_shipout_box 
                                                  \__shipout_drop_firstpage_...
l.106 
      ]
<figures/ch3/ui.png, id=554, 2499.3375pt x 1318.9275pt>
File: figures/ch3/ui.png Graphic file (type png)
<use figures/ch3/ui.png>
Package pdftex.def Info: figures/ch3/ui.png  used on input line 124.
(pdftex.def)             Requested size: 455.24411pt x 240.23436pt.
 [18] [19
pdfTeX warning (ext4): destination with the same identifier (name{figure.2}) has been already used, duplicate ignored
<argument> ...shipout:D \box_use:N \l_shipout_box 
                                                  \__shipout_drop_firstpage_...
l.159 
       <./figures/ch3/ui.png (PNG copy)>]
Underfull \hbox (badness 3209) in paragraph at lines 180--181
[]\T1/cmr/m/n/12 Spatial mul-ti-plex-ing, Alam-outi, Eigen-Mode, V-
 []

LaTeX Font Info:    Font shape `T1/cmtt/bx/n' in size <12> not available
(Font)              Font shape `T1/cmtt/m/n' tried instead on input line 188.
[20
pdfTeX warning (ext4): destination with the same identifier (name{table.3}) has been already used, duplicate ignored
<argument> ...shipout:D \box_use:N \l_shipout_box 
                                                  \__shipout_drop_firstpage_...
l.196 
      ]
Package hyperref Info: bookmark level for unknown algorithm defaults to 0 on input line 226.
 [21
pdfTeX warning (ext4): destination with the same identifier (name{table.4}) has been already used, duplicate ignored
<argument> ...shipout:D \box_use:N \l_shipout_box 
                                                  \__shipout_drop_firstpage_...
l.249 
      ]
Overfull \hbox (10.64198pt too wide) in paragraph at lines 253--254
\T1/cmr/m/n/12 rent build, the pay-load type is text-only: the func-tion ex-plic-itly checks \T1/cmtt/m/n/12 procParam.DatenTyp
 []


Underfull \hbox (badness 10000) in paragraph at lines 267--268
[]\T1/cmtt/m/n/12 [rxBits, data] = AnalyzeRxSig_app(procParam.rxSignal$[]$, params,
 []


Overfull \hbox (39.34912pt too wide) in paragraph at lines 281--282
[]\T1/cmr/m/n/12 After tim-ing, the base-band streams are seg-mented into OFDM blocks of length \T1/cmtt/m/n/12 iNb=iNfft+iNg
 []

[22]
Underfull \hbox (badness 10000) in paragraph at lines 300--300
[]\T1/cmr/bx/n/12 Algorithm 3 \T1/cmr/m/n/12 Front-end syn-chro-niza-tion and OFDM block ex-trac-tion
 []


Overfull \hbox (10.75482pt too wide) in paragraph at lines 303--304
[]\T1/cmtt/m/n/12 rxFrame $\OT1/cmr/m/n/12 [\OML/cmm/m/it/12 N[] \OMS/cmsy/m/n/12 ^^B \OML/cmm/m/it/12 N[]\OT1/cmr/m/n/12 ]$\T1/cmr/m/n/12 , \T1/cmtt/m/n/12 params \T1/cmr/m/n/12 (\T1/cmtt/m/n/12 iNfft,iNg,iNb,fBBFreq,fDACFreq,fCarrFreq\T1/cmr/m/n/12 ),
 []


Underfull \hbox (badness 10000) in paragraph at lines 307--308
[] \T1/cmtt/m/n/12 bb(r,:) = DeModulateSignal_app(rxFrame(r,:), fBBFreq, fDACFreq,
 []


Underfull \hbox (badness 10000) in paragraph at lines 310--311
[] \T1/cmtt/m/n/12 [start(r), cfo(r), metric(r)] = EstFrameStart_app(bb(r,:), iNfft,
 []

[23] [24]
Underfull \hbox (badness 10000) in paragraph at lines 369--369
[]\T1/cmr/bx/n/12 Algorithm 4 \T1/cmr/m/n/12 Per-subcarrier MMSE de-tec-tion in spa-tial mul-ti-plex-ing
 []

[25]
Overfull \hbox (21.05048pt too wide) in paragraph at lines 403--404
\T1/cmr/m/n/12 and presents the cor-re-spond-ing plots (syn-chro-niza-tion met-rics, CIR/CTF, con-stel-la-tion/EVM,
 []

) (chapters/04-results.tex
<figures/ch4/ui-sm-qam.png, id=615, 2786.41pt x 1577.895pt>
File: figures/ch4/ui-sm-qam.png Graphic file (type png)
<use figures/ch4/ui-sm-qam.png>
Package pdftex.def Info: figures/ch4/ui-sm-qam.png  used on input line 24.
(pdftex.def)             Requested size: 441.58734pt x 250.06068pt.

Overfull \hbox (7.85388pt too wide) in paragraph at lines 41--50
\T1/cmr/m/n/12 mag-ni-tude spec-tra for all chan-nels, al-low-ing the oc-cu-pied band-width and channel-dependent
 []

[26]
<figures/ch4/sm-qam-syn.png, id=623, 2949.0175pt x 1612.0225pt>
File: figures/ch4/sm-qam-syn.png Graphic file (type png)
<use figures/ch4/sm-qam-syn.png>
Package pdftex.def Info: figures/ch4/sm-qam-syn.png  used on input line 82.
(pdftex.def)             Requested size: 441.58734pt x 241.37479pt.

Overfull \hbox (3.34663pt too wide) in paragraph at lines 91--97
\T1/cmr/m/n/12 After frame syn-chro-niza-tion and cyclic-prefix re-moval, the re-ceiver es-ti-mates the frequency-
 []

[27
pdfTeX warning (ext4): destination with the same identifier (name{figure.3}) has been already used, duplicate ignored
<argument> ...shipout:D \box_use:N \l_shipout_box 
                                                  \__shipout_drop_firstpage_...
l.97 
      <./figures/ch4/ui-sm-qam.png>]
<figures/ch4/sm-qam-cir.png, id=632, 2951.025pt x 1610.015pt>
File: figures/ch4/sm-qam-cir.png Graphic file (type png)
<use figures/ch4/sm-qam-cir.png>
Package pdftex.def Info: figures/ch4/sm-qam-cir.png  used on input line 121.
(pdftex.def)             Requested size: 441.58734pt x 240.90222pt.
 [28
pdfTeX warning (ext4): destination with the same identifier (name{figure.4}) has been already used, duplicate ignored
<argument> ...shipout:D \box_use:N \l_shipout_box 
                                                  \__shipout_drop_firstpage_...
l.132 
       <./figures/ch4/sm-qam-syn.png (PNG copy)>]
<figures/ch4/sm-qam-con.png, id=639, 2951.025pt x 1612.0225pt>
File: figures/ch4/sm-qam-con.png Graphic file (type png)
<use figures/ch4/sm-qam-con.png>
Package pdftex.def Info: figures/ch4/sm-qam-con.png  used on input line 142.
(pdftex.def)             Requested size: 441.58734pt x 241.2026pt.
 [29
pdfTeX warning (ext4): destination with the same identifier (name{figure.5}) has been already used, duplicate ignored
<argument> ...shipout:D \box_use:N \l_shipout_box 
                                                  \__shipout_drop_firstpage_...
l.153 
       <./figures/ch4/sm-qam-cir.png (PNG copy)>]
<figures/ch4/sm-qam-evm.png, id=647, 2951.025pt x 1608.0075pt>
File: figures/ch4/sm-qam-evm.png Graphic file (type png)
<use figures/ch4/sm-qam-evm.png>
Package pdftex.def Info: figures/ch4/sm-qam-evm.png  used on input line 160.
(pdftex.def)             Requested size: 441.58734pt x 240.60185pt.
 [30
pdfTeX warning (ext4): destination with the same identifier (name{figure.6}) has been already used, duplicate ignored
<argument> ...shipout:D \box_use:N \l_shipout_box 
                                                  \__shipout_drop_firstpage_...
l.181 
       <./figures/ch4/sm-qam-con.png (PNG copy)>]
<figures/ch4/sm-qam-rank.png, id=657, 2951.025pt x 1612.0225pt>
File: figures/ch4/sm-qam-rank.png Graphic file (type png)
<use figures/ch4/sm-qam-rank.png>
Package pdftex.def Info: figures/ch4/sm-qam-rank.png  used on input line 192.
(pdftex.def)             Requested size: 441.58734pt x 241.2026pt.
 [31
pdfTeX warning (ext4): destination with the same identifier (name{figure.7}) has been already used, duplicate ignored
<argument> ...shipout:D \box_use:N \l_shipout_box 
                                                  \__shipout_drop_firstpage_...
l.206 
       <./figures/ch4/sm-qam-evm.png (PNG copy)>]
Overfull \hbox (1.56326pt too wide) in paragraph at lines 210--211
\T1/cmr/m/n/12 run), the demon-stra-tor com-putes the bit er-ror count and BER us-ing \T1/cmtt/m/n/12 bitFehlerRaten_app\T1/cmr/m/n/12 .
 []

<figures/ch4/sm-qam-ber.png, id=663, 588.1975pt x 120.45pt>
File: figures/ch4/sm-qam-ber.png Graphic file (type png)
<use figures/ch4/sm-qam-ber.png>
Package pdftex.def Info: figures/ch4/sm-qam-ber.png  used on input line 218.
(pdftex.def)             Requested size: 341.43307pt x 69.91801pt.
[32
pdfTeX warning (ext4): destination with the same identifier (name{figure.8}) has been already used, duplicate ignored
<argument> ...shipout:D \box_use:N \l_shipout_box 
                                                  \__shipout_drop_firstpage_...
l.229 
       <./figures/ch4/sm-qam-rank.png (PNG copy)>]) (chapters/05-diskussion.tex [33
pdfTeX warning (ext4): destination with the same identifier (name{figure.9}) has been already used, duplicate ignored
<argument> ...shipout:D \box_use:N \l_shipout_box 
                                                  \__shipout_drop_firstpage_...
l.9 
    
pdfTeX warning (ext4): destination with the same identifier (name{table.5}) has been already used, duplicate ignored
<argument> ...shipout:D \box_use:N \l_shipout_box 
                                                  \__shipout_drop_firstpage_...
l.9 
     <./figures/ch4/sm-qam-ber.png (PNG copy)>] [34]
Overfull \hbox (7.94073pt too wide) in paragraph at lines 52--53
[]\T1/cmr/m/n/12 However, the rank is not uni-formly max-i-mal across all sub-car-ri-ers. Subcarrier-dependent
 []

[35] [36]) (chapters/06-conclusion.tex
Overfull \hbox (44.97388pt too wide) in paragraph at lines 22--23
\T1/cmr/m/n/12 niza-tion, carrier-frequency-offset com-pen-sa-tion, chan-nel es-ti-ma-tion, MIMO equal-iza-tion/detection,
 []

[37]) [38] (thesis.bbl) [39] (appendix.tex) (thesis.aux)
 ***********
LaTeX2e <2025-11-01>
L3 programming layer <2025-12-24>
 ***********
Package rerunfilecheck Info: File `thesis.out' has not changed.
(rerunfilecheck)             Checksum: A035357E203555A6620294E046BEA1D1;21473.
 ) 
Here is how much of TeX's memory you used:
 12649 strings out of 467871
 198625 string characters out of 5419345
 630472 words of memory out of 5000000
 41138 multiletter control sequences out of 15000+600000
 643727 words of font info for 77 fonts, out of 8000000 for 9000
 1141 hyphenation exceptions out of 8191
 75i,14n,79p,940b,599s stack positions out of 10000i,1000n,20000p,200000b,200000s
 <C:\Users\Liu\AppData\Local\MiKTeX\fonts/pk/ljfour/jknappen/ec/dpi600\tcrm1200.pk> <C:\Users\Liu\AppData\Local\MiKTeX\fonts/pk/ljfour/jknappen/ec/dpi600\ecrm1000.pk> <C:\Users\Liu\AppData\Local\MiKTeX\fonts/pk/ljfour/jknappen/ec/dpi600\ecrm0800.pk> <C:\Users\Liu\AppData\Local\MiKTeX\fonts/pk/ljfour/jknappen/ec/dpi600\ecbx1440.pk> <C:\Users\Liu\AppData\Local\MiKTeX\fonts/pk/ljfour/jknappen/ec/dpi600\ecti1200.pk> <C:\Users\Liu\AppData\Local\MiKTeX\fonts/pk/ljfour/jknappen/ec/dpi600\ectt1200.pk> <C:\Users\Liu\AppData\Local\MiKTeX\fonts/pk/ljfour/jknappen/ec/dpi600\ecrm1095.pk> <C:\Users\Liu\AppData\Local\MiKTeX\fonts/pk/ljfour/jknappen/ec/dpi600\ecbx1095.pk> <C:\Users\Liu\AppData\Local\MiKTeX\fonts/pk/ljfour/jknappen/ec/dpi600\ecbx1200.pk> <C:\Users\Liu\AppData\Local\MiKTeX\fonts/pk/ljfour/jknappen/ec/dpi600\ecbx1728.pk> <C:\Users\Liu\AppData\Local\MiKTeX\fonts/pk/ljfour/jknappen/ec/dpi600\ecrm1200.pk> <C:\Users\Liu\AppData\Local\MiKTeX\fonts/pk/ljfour/jknappen/ec/dpi600\ecrm1440.pk><C:/Users/Liu/AppData/Local/Programs/MiKTeX/fonts/type1/public/amsfonts/cm/cmbx12.pfb><C:/Users/Liu/AppData/Local/Programs/MiKTeX/fonts/type1/public/amsfonts/cm/cmex10.pfb><C:/Users/Liu/AppData/Local/Programs/MiKTeX/fonts/type1/public/amsfonts/cm/cmmi12.pfb><C:/Users/Liu/AppData/Local/Programs/MiKTeX/fonts/type1/public/amsfonts/cm/cmmi6.pfb><C:/Users/Liu/AppData/Local/Programs/MiKTeX/fonts/type1/public/amsfonts/cm/cmmi8.pfb><C:/Users/Liu/AppData/Local/Programs/MiKTeX/fonts/type1/public/amsfonts/cm/cmr12.pfb><C:/Users/Liu/AppData/Local/Programs/MiKTeX/fonts/type1/public/amsfonts/cm/cmr6.pfb><C:/Users/Liu/AppData/Local/Programs/MiKTeX/fonts/type1/public/amsfonts/cm/cmr8.pfb><C:/Users/Liu/AppData/Local/Programs/MiKTeX/fonts/type1/public/amsfonts/cm/cmsy10.pfb><C:/Users/Liu/AppData/Local/Programs/MiKTeX/fonts/type1/public/amsfonts/cm/cmsy8.pfb><C:/Users/Liu/AppData/Local/Programs/MiKTeX/fonts/type1/public/amsfonts/symbols/msam10.pfb><C:/Users/Liu/AppData/Local/Programs/MiKTeX/fonts/type1/public/amsfonts/symbols/msbm10.pfb>
Output written on thesis.pdf (40 pages, 2238679 bytes).
PDF statistics:
 1292 PDF objects out of 1440 (max. 8388607)
 193 named destinations out of 1000 (max. 500000)
 630 words of extra memory for PDF output out of 10000 (max. 10000000)

